app/build/outputs/logs/manifest-merger-debug-report.txt
-- Merging decision tree log ---
manifest
ADDED from src/main/AndroidManifest.xml:2:1-102:12
	xmlns:android
		ADDED from src/main/AndroidManifest.xml:2:11-69
	package
		ADDED from src/main/AndroidManifest.xml:3:5-40
		INJECTED from src/main/AndroidManifest.xml
		INJECTED from src/main/AndroidManifest.xml
	android:versionName
		ADDED from src/main/AndroidManifest.xml:5:5-30
		INJECTED from src/main/AndroidManifest.xml
		INJECTED from src/main/AndroidManifest.xml
	android:versionCode
		ADDED from src/main/AndroidManifest.xml:4:5-28
		INJECTED from src/main/AndroidManifest.xml
		INJECTED from src/main/AndroidManifest.xml
uses-sdk
ADDED from src/main/AndroidManifest.xml:7:5-9:41
MERGED from [com.android.support:support-v4:22.0.0] AndroidManifest.xml:20:5-43
MERGED from [com.facebook.android:facebook-android-sdk:4.7.0] AndroidManifest.xml:24:5-26:41
MERGED from [com.android.support:support-v4:22.0.0] AndroidManifest.xml:20:5-43
	android:targetSdkVersion
		ADDED from src/main/AndroidManifest.xml:9:9-38
		INJECTED from src/main/AndroidManifest.xml
		INJECTED from src/main/AndroidManifest.xml
	android:minSdkVersion
		ADDED from src/main/AndroidManifest.xml:8:9-35
		INJECTED from src/main/AndroidManifest.xml
		INJECTED from src/main/AndroidManifest.xml
uses-permission#android.permission.INTERNET
ADDED from src/main/AndroidManifest.xml:11:5-67
	android:name
		ADDED from src/main/AndroidManifest.xml:11:22-64
android:uses-permission#android.permission.WRITE_EXTERNAL_STORAGE
ADDED from src/main/AndroidManifest.xml:13:5-89
	android:name
		ADDED from src/main/AndroidManifest.xml:13:30-86
android:uses-permission#android.permission.READ_PHONE_STATE
ADDED from src/main/AndroidManifest.xml:14:5-83
	android:name
		ADDED from src/main/AndroidManifest.xml:14:30-80
android:uses-permission#android.permission.READ_EXTERNAL_STORAGE
ADDED from src/main/AndroidManifest.xml:15:5-88
	android:name
		ADDED from src/main/AndroidManifest.xml:15:30-85
application
ADDED from src/main/AndroidManifest.xml:17:5-100:19
MERGED from [com.android.support:support-v4:22.0.0] AndroidManifest.xml:22:5-20
MERGED from [com.facebook.android:facebook-android-sdk:4.7.0] AndroidManifest.xml:28:5-20
MERGED from [com.android.support:support-v4:22.0.0] AndroidManifest.xml:22:5-20
	android:label
		ADDED from src/main/AndroidManifest.xml:20:9-41
	android:allowBackup
		ADDED from src/main/AndroidManifest.xml:18:9-35
	android:icon
		ADDED from src/main/AndroidManifest.xml:19:9-45
	android:theme
		ADDED from src/main/AndroidManifest.xml:21:9-40
meta-data#com.facebook.sdk.ApplicationId
ADDED from src/main/AndroidManifest.xml:22:9-108
	android:name
		ADDED from src/main/AndroidManifest.xml:22:20-65
	android:value
		ADDED from src/main/AndroidManifest.xml:22:66-105
activity#eg.edu.guc.android.meetup.activity.FeedActivity
ADDED from src/main/AndroidManifest.xml:23:9-31:20
	android:label
		ADDED from src/main/AndroidManifest.xml:25:13-45
	android:name
		ADDED from src/main/AndroidManifest.xml:24:13-50
intent-filter#android.intent.action.MAIN+android.intent.category.LAUNCHER
ADDED from src/main/AndroidManifest.xml:26:13-30:29
action#android.intent.action.MAIN
ADDED from src/main/AndroidManifest.xml:27:17-69
	android:name
		ADDED from src/main/AndroidManifest.xml:27:25-66
category#android.intent.category.LAUNCHER
ADDED from src/main/AndroidManifest.xml:29:17-77
	android:name
		ADDED from src/main/AndroidManifest.xml:29:27-74
activity#eg.edu.guc.android.meetup.activity.LoginActivity
ADDED from src/main/AndroidManifest.xml:32:9-35:71
	android:windowSoftInputMode
		ADDED from src/main/AndroidManifest.xml:35:13-68
	android:label
		ADDED from src/main/AndroidManifest.xml:34:13-57
	android:name
		ADDED from src/main/AndroidManifest.xml:33:13-51
activity#com.facebook.FacebookActivity
ADDED from src/main/AndroidManifest.xml:36:9-40:75
	android:label
		ADDED from src/main/AndroidManifest.xml:39:13-45
	android:configChanges
		ADDED from src/main/AndroidManifest.xml:38:13-96
	android:theme
		ADDED from src/main/AndroidManifest.xml:40:13-72
	android:name
		ADDED from src/main/AndroidManifest.xml:37:13-57
activity#eg.edu.guc.android.meetup.activity.AllCommunitiesActivity
ADDED from src/main/AndroidManifest.xml:46:9-48:70
	android:label
		ADDED from src/main/AndroidManifest.xml:48:13-67
	android:name
		ADDED from src/main/AndroidManifest.xml:47:13-60
activity#eg.edu.guc.android.meetup.activity.AllEventsActivity
ADDED from src/main/AndroidManifest.xml:49:9-51:65
	android:label
		ADDED from src/main/AndroidManifest.xml:51:13-62
	android:name
		ADDED from src/main/AndroidManifest.xml:50:13-55
activity#eg.edu.guc.android.meetup.activity.CommunityActivity
ADDED from src/main/AndroidManifest.xml:52:9-54:64
	android:label
		ADDED from src/main/AndroidManifest.xml:54:13-61
	android:name
		ADDED from src/main/AndroidManifest.xml:53:13-55
activity#eg.edu.guc.android.meetup.activity.EventActivity
ADDED from src/main/AndroidManifest.xml:55:9-57:60
	android:label
		ADDED from src/main/AndroidManifest.xml:57:13-57
	android:name
		ADDED from src/main/AndroidManifest.xml:56:13-51
activity#eg.edu.guc.android.meetup.activity.ProfileActivity
ADDED from src/main/AndroidManifest.xml:58:9-60:62
	android:label
		ADDED from src/main/AndroidManifest.xml:60:13-59
	android:name
		ADDED from src/main/AndroidManifest.xml:59:13-53
activity#eg.edu.guc.android.meetup.activity.FriendActivity
ADDED from src/main/AndroidManifest.xml:61:9-63:61
	android:label
		ADDED from src/main/AndroidManifest.xml:63:13-58
	android:name
		ADDED from src/main/AndroidManifest.xml:62:13-52
activity#eg.edu.guc.android.meetup.activity.LimitedActivity
ADDED from src/main/AndroidManifest.xml:64:9-66:62
	android:label
		ADDED from src/main/AndroidManifest.xml:66:13-59
	android:name
		ADDED from src/main/AndroidManifest.xml:65:13-53
activity#eg.edu.guc.android.meetup.activity.MembersActivity
ADDED from src/main/AndroidManifest.xml:67:9-69:62
	android:label
		ADDED from src/main/AndroidManifest.xml:69:13-59
	android:name
		ADDED from src/main/AndroidManifest.xml:68:13-53
activity#eg.edu.guc.android.meetup.activity.RequestsActivity
ADDED from src/main/AndroidManifest.xml:70:9-72:63
	android:label
		ADDED from src/main/AndroidManifest.xml:72:13-60
	android:name
		ADDED from src/main/AndroidManifest.xml:71:13-54
activity#eg.edu.guc.android.meetup.activity.PostActivity
ADDED from src/main/AndroidManifest.xml:73:9-75:59
	android:label
		ADDED from src/main/AndroidManifest.xml:75:13-56
	android:name
		ADDED from src/main/AndroidManifest.xml:74:13-50
activity#eg.edu.guc.android.meetup.activity.CommunityEventsActivity
ADDED from src/main/AndroidManifest.xml:76:9-78:71
	android:label
		ADDED from src/main/AndroidManifest.xml:78:13-68
	android:name
		ADDED from src/main/AndroidManifest.xml:77:13-61
activity#eg.edu.guc.android.meetup.activity.GoingActivity
ADDED from src/main/AndroidManifest.xml:79:9-81:60
	android:label
		ADDED from src/main/AndroidManifest.xml:81:13-57
	android:name
		ADDED from src/main/AndroidManifest.xml:80:13-51
activity#eg.edu.guc.android.meetup.activity.NotGoingActivity
ADDED from src/main/AndroidManifest.xml:82:9-84:64
	android:label
		ADDED from src/main/AndroidManifest.xml:84:13-61
	android:name
		ADDED from src/main/AndroidManifest.xml:83:13-54
activity#eg.edu.guc.android.meetup.activity.FriendsActivity
ADDED from src/main/AndroidManifest.xml:85:9-87:62
	android:label
		ADDED from src/main/AndroidManifest.xml:87:13-59
	android:name
		ADDED from src/main/AndroidManifest.xml:86:13-53
activity#eg.edu.guc.android.meetup.activity.UserCommunitiesActivity
ADDED from src/main/AndroidManifest.xml:88:9-90:71
	android:label
		ADDED from src/main/AndroidManifest.xml:90:13-68
	android:name
		ADDED from src/main/AndroidManifest.xml:89:13-61
activity#eg.edu.guc.android.meetup.activity.UserEventsActivity
ADDED from src/main/AndroidManifest.xml:91:9-93:66
	android:label
		ADDED from src/main/AndroidManifest.xml:93:13-63
	android:name
		ADDED from src/main/AndroidManifest.xml:92:13-56
activity#eg.edu.guc.android.meetup.activity.CreateCommunityActivity
ADDED from src/main/AndroidManifest.xml:94:9-96:71
	android:label
		ADDED from src/main/AndroidManifest.xml:96:13-68
	android:name
		ADDED from src/main/AndroidManifest.xml:95:13-61
activity#eg.edu.guc.android.meetup.activity.CreateEventActivity
ADDED from src/main/AndroidManifest.xml:97:9-99:76
	android:label
		ADDED from src/main/AndroidManifest.xml:99:13-64
	android:name
		ADDED from src/main/AndroidManifest.xml:98:13-57